  ch14_PLA.c
c:\users\dotlaptop\source\repos\cprogramming\ch14_pla\ch14_pla\ch14_pla.c(240): warning C4133: 'function': incompatible types - from 'char *' to 'int *'
c:\users\dotlaptop\source\repos\cprogramming\ch14_pla\ch14_pla\ch14_pla.c(195): warning C4047: 'initializing': 'char *' differs in levels of indirection from 'char (*)[50]'
c:\users\dotlaptop\source\repos\cprogramming\ch14_pla\ch14_pla\ch14_pla.c(195): warning C4133: 'initializing': incompatible types - from 'int *' to 'char *'
c:\users\dotlaptop\source\repos\cprogramming\ch14_pla\ch14_pla\ch14_pla.c(196): warning C4047: 'initializing': 'char *' differs in levels of indirection from 'char (*)[45]'
c:\users\dotlaptop\source\repos\cprogramming\ch14_pla\ch14_pla\ch14_pla.c(196): warning C4133: 'initializing': incompatible types - from 'int *' to 'char *'
c:\users\dotlaptop\source\repos\cprogramming\ch14_pla\ch14_pla\ch14_pla.c(197): warning C4047: 'initializing': 'char *' differs in levels of indirection from 'char (*)[52]'
c:\users\dotlaptop\source\repos\cprogramming\ch14_pla\ch14_pla\ch14_pla.c(197): warning C4133: 'initializing': incompatible types - from 'int *' to 'char *'
c:\users\dotlaptop\source\repos\cprogramming\ch14_pla\ch14_pla\ch14_pla.c(198): warning C4047: 'initializing': 'char *' differs in levels of indirection from 'char (*)[81]'
c:\users\dotlaptop\source\repos\cprogramming\ch14_pla\ch14_pla\ch14_pla.c(198): warning C4133: 'initializing': incompatible types - from 'int *' to 'char *'
c:\users\dotlaptop\source\repos\cprogramming\ch14_pla\ch14_pla\ch14_pla.c(199): warning C4047: 'initializing': 'char *' differs in levels of indirection from 'char (*)[55]'
c:\users\dotlaptop\source\repos\cprogramming\ch14_pla\ch14_pla\ch14_pla.c(199): warning C4133: 'initializing': incompatible types - from 'int *' to 'char *'
c:\users\dotlaptop\source\repos\cprogramming\ch14_pla\ch14_pla\ch14_pla.c(200): warning C4047: 'initializing': 'char *' differs in levels of indirection from 'char (*)[120]'
c:\users\dotlaptop\source\repos\cprogramming\ch14_pla\ch14_pla\ch14_pla.c(200): warning C4133: 'initializing': incompatible types - from 'int *' to 'char *'
c:\users\dotlaptop\source\repos\cprogramming\ch14_pla\ch14_pla\ch14_pla.c(201): warning C4047: 'initializing': 'char *' differs in levels of indirection from 'char (*)[180]'
c:\users\dotlaptop\source\repos\cprogramming\ch14_pla\ch14_pla\ch14_pla.c(201): warning C4133: 'initializing': incompatible types - from 'int *' to 'char *'
c:\users\dotlaptop\source\repos\cprogramming\ch14_pla\ch14_pla\ch14_pla.c(202): warning C4133: 'initializing': incompatible types - from 'int *' to 'char *'
c:\users\dotlaptop\source\repos\cprogramming\ch14_pla\ch14_pla\ch14_pla.c(203): warning C4133: 'initializing': incompatible types - from 'int *' to 'char *'
c:\users\dotlaptop\source\repos\cprogramming\ch14_pla\ch14_pla\ch14_pla.c(204): warning C4133: 'initializing': incompatible types - from 'int *' to 'char *'
c:\users\dotlaptop\source\repos\cprogramming\ch14_pla\ch14_pla\ch14_pla.c(205): warning C4133: 'initializing': incompatible types - from 'int *' to 'char *'
c:\users\dotlaptop\source\repos\cprogramming\ch14_pla\ch14_pla\ch14_pla.c(208): warning C4133: 'initializing': incompatible types - from 'int *' to 'char *'
c:\users\dotlaptop\source\repos\cprogramming\ch14_pla\ch14_pla\ch14_pla.c(209): warning C4133: 'initializing': incompatible types - from 'int *' to 'char *'
c:\users\dotlaptop\source\repos\cprogramming\ch14_pla\ch14_pla\ch14_pla.c(210): warning C4047: 'initializing': 'char *' differs in levels of indirection from 'char (*)[70]'
c:\users\dotlaptop\source\repos\cprogramming\ch14_pla\ch14_pla\ch14_pla.c(210): warning C4133: 'initializing': incompatible types - from 'int *' to 'char *'
c:\users\dotlaptop\source\repos\cprogramming\ch14_pla\ch14_pla\ch14_pla.c(211): warning C4047: 'initializing': 'char *' differs in levels of indirection from 'char (*)[124]'
c:\users\dotlaptop\source\repos\cprogramming\ch14_pla\ch14_pla\ch14_pla.c(211): warning C4133: 'initializing': incompatible types - from 'int *' to 'char *'
c:\users\dotlaptop\source\repos\cprogramming\ch14_pla\ch14_pla\ch14_pla.c(212): warning C4133: 'initializing': incompatible types - from 'int *' to 'char *'
c:\users\dotlaptop\source\repos\cprogramming\ch14_pla\ch14_pla\ch14_pla.c(213): warning C4133: 'initializing': incompatible types - from 'int *' to 'char *'
c:\users\dotlaptop\source\repos\cprogramming\ch14_pla\ch14_pla\ch14_pla.c(214): warning C4133: 'initializing': incompatible types - from 'int *' to 'char *'
c:\users\dotlaptop\source\repos\cprogramming\ch14_pla\ch14_pla\ch14_pla.c(215): warning C4133: 'initializing': incompatible types - from 'int *' to 'char *'
c:\users\dotlaptop\source\repos\cprogramming\ch14_pla\ch14_pla\ch14_pla.c(216): warning C4133: 'initializing': incompatible types - from 'int *' to 'char *'
c:\users\dotlaptop\source\repos\cprogramming\ch14_pla\ch14_pla\ch14_pla.c(217): warning C4047: 'initializing': 'char *' differs in levels of indirection from 'char (*)[16]'
c:\users\dotlaptop\source\repos\cprogramming\ch14_pla\ch14_pla\ch14_pla.c(217): warning C4133: 'initializing': incompatible types - from 'int *' to 'char *'
c:\users\dotlaptop\source\repos\cprogramming\ch14_pla\ch14_pla\ch14_pla.c(218): warning C4047: 'initializing': 'char *' differs in levels of indirection from 'char (*)[12]'
c:\users\dotlaptop\source\repos\cprogramming\ch14_pla\ch14_pla\ch14_pla.c(218): warning C4133: 'initializing': incompatible types - from 'int *' to 'char *'
c:\users\dotlaptop\source\repos\cprogramming\ch14_pla\ch14_pla\ch14_pla.c(219): warning C4047: 'initializing': 'char *' differs in levels of indirection from 'char (*)[26]'
c:\users\dotlaptop\source\repos\cprogramming\ch14_pla\ch14_pla\ch14_pla.c(219): warning C4133: 'initializing': incompatible types - from 'int *' to 'char *'
c:\users\dotlaptop\source\repos\cprogramming\ch14_pla\ch14_pla\ch14_pla.c(220): warning C4047: 'initializing': 'char *' differs in levels of indirection from 'char (*)[8]'
c:\users\dotlaptop\source\repos\cprogramming\ch14_pla\ch14_pla\ch14_pla.c(220): warning C4133: 'initializing': incompatible types - from 'int *' to 'char *'
c:\users\dotlaptop\source\repos\cprogramming\ch14_pla\ch14_pla\ch14_pla.c(221): warning C4047: 'initializing': 'char *' differs in levels of indirection from 'char (*)[49]'
c:\users\dotlaptop\source\repos\cprogramming\ch14_pla\ch14_pla\ch14_pla.c(221): warning C4133: 'initializing': incompatible types - from 'int *' to 'char *'
c:\users\dotlaptop\source\repos\cprogramming\ch14_pla\ch14_pla\ch14_pla.c(222): warning C4047: 'initializing': 'char *' differs in levels of indirection from 'char (*)[70]'
c:\users\dotlaptop\source\repos\cprogramming\ch14_pla\ch14_pla\ch14_pla.c(222): warning C4133: 'initializing': incompatible types - from 'int *' to 'char *'
c:\users\dotlaptop\source\repos\cprogramming\ch14_pla\ch14_pla\ch14_pla.c(254): warning C4477: 'printf' : format string '%d' requires an argument of type 'int', but variadic argument 1 has type 'char *'
  ch14_PLA.vcxproj -> C:\Users\DOTlaptop\source\repos\CProgramming\ch14_PLA\Debug\ch14_PLA.exe
